<?xml version="1.0" encoding="UTF-8"?>
<!-- Generated by org.testng.reporters.JUnitReportReporter -->
<testsuite skipped="0" hostname="Vedant-PC" name="com.test.ExceptionTimeoutTest" tests="1" failures="0" timestamp="2020-01-29T20:24:32 IST" time="0.022" errors="0">
  <testcase name="test1" time="0.022" classname="com.test.ExceptionTimeoutTest"/>
</testsuite> <!-- com.test.ExceptionTimeoutTest -->
