<?xml version="1.0" encoding="UTF-8"?>
<!-- Generated by org.testng.reporters.JUnitReportReporter -->
<testsuite skipped="0" hostname="Vedant-PC" name="com.test.GoogleTitleTest" tests="1" failures="0" timestamp="2020-01-29T20:49:44 IST" time="32.394" errors="0">
  <testcase name="googleTitleTest" time="32.394" classname="com.test.GoogleTitleTest"/>
</testsuite> <!-- com.test.GoogleTitleTest -->
