<?xml version="1.0" encoding="UTF-8"?>
<!-- Generated by org.testng.reporters.JUnitReportReporter -->
<testsuite skipped="0" hostname="Vedant-PC" name="com.test.TestNgFeatures" tests="4" failures="0" timestamp="2020-01-29T18:47:33 IST" time="0.031" errors="0">
  <testcase name="SearchPageTest" time="0.002" classname="com.test.TestNgFeatures"/>
  <testcase name="HomePageTest" time="0.004" classname="com.test.TestNgFeatures"/>
  <testcase name="RegPageTest" time="0.002" classname="com.test.TestNgFeatures"/>
  <testcase name="loginTest" time="0.023" classname="com.test.TestNgFeatures"/>
</testsuite> <!-- com.test.TestNgFeatures -->
